<?xml version="1.0" encoding="UTF-8"?>
<!-- Generated by org.testng.reporters.JUnitXMLReporter -->
<testsuite hostname="MBP-Dmitriy.local" ignored="0" name="Credit Card Validation with Allure Report" tests="44" failures="11" timestamp="2020-04-22T15:49:24 PDT" time="0.44" errors="0">
  <testcase name="cvv" time="0.078" classname="core.CreditCardValidationTest"/>
  <testcase name="cvv" time="0.002" classname="core.CreditCardValidationTest"/>
  <testcase name="cvv" time="0.002" classname="core.CreditCardValidationTest"/>
  <testcase name="cvv" time="0.003" classname="core.CreditCardValidationTest"/>
  <testcase name="cvv" time="0.002" classname="core.CreditCardValidationTest"/>
  <testcase name="cvv" time="0.003" classname="core.CreditCardValidationTest"/>
  <testcase name="cvv" time="0.003" classname="core.CreditCardValidationTest"/>
  <testcase name="cvv" time="0.002" classname="core.CreditCardValidationTest"/>
  <testcase name="cvv" time="0.003" classname="core.CreditCardValidationTest"/>
  <testcase name="cvv" time="0.005" classname="core.CreditCardValidationTest">
    <failure type="java.lang.AssertionError" message="
Expected: Credit Card CVV: 123, should be valid
     but: was &amp;lt;false&amp;gt;">
      <![CDATA[java.lang.AssertionError: 
Expected: Credit Card CVV: 123, should be valid
     but: was <false>
at org.hamcrest.MatcherAssert.assertThat(MatcherAssert.java:18)
at org.hamcrest.MatcherAssert.assertThat(MatcherAssert.java:6)
at core.CreditCardValidationTest.cvv(CreditCardValidationTest.java:36)
at java.util.ArrayList.forEach(ArrayList.java:1257)
... Removed 27 stack frames]]>
    </failure>
  </testcase> <!-- cvv -->
  <testcase name="cvv" time="0.003" classname="core.CreditCardValidationTest">
    <failure type="java.lang.AssertionError" message="
Expected: Credit Card CVV: 1234, should be valid
     but: was &amp;lt;false&amp;gt;">
      <![CDATA[java.lang.AssertionError: 
Expected: Credit Card CVV: 1234, should be valid
     but: was <false>
at org.hamcrest.MatcherAssert.assertThat(MatcherAssert.java:18)
at org.hamcrest.MatcherAssert.assertThat(MatcherAssert.java:6)
at core.CreditCardValidationTest.cvv(CreditCardValidationTest.java:36)
at java.util.ArrayList.forEach(ArrayList.java:1257)
... Removed 27 stack frames]]>
    </failure>
  </testcase> <!-- cvv -->
  <testcase name="exp" time="0.002" classname="core.CreditCardValidationTest">
    <failure type="java.lang.AssertionError" message="
Expected: Credit Card Exp: 03/20, should be not expired
     but: was &amp;lt;false&amp;gt;">
      <![CDATA[java.lang.AssertionError: 
Expected: Credit Card Exp: 03/20, should be not expired
     but: was <false>
at org.hamcrest.MatcherAssert.assertThat(MatcherAssert.java:18)
at org.hamcrest.MatcherAssert.assertThat(MatcherAssert.java:6)
at core.CreditCardValidationTest.exp(CreditCardValidationTest.java:30)
at java.util.ArrayList.forEach(ArrayList.java:1257)
... Removed 27 stack frames]]>
    </failure>
  </testcase> <!-- exp -->
  <testcase name="exp" time="0.002" classname="core.CreditCardValidationTest">
    <failure type="java.lang.AssertionError" message="
Expected: Credit Card Exp: 09/19, should be not expired
     but: was &amp;lt;false&amp;gt;">
      <![CDATA[java.lang.AssertionError: 
Expected: Credit Card Exp: 09/19, should be not expired
     but: was <false>
at org.hamcrest.MatcherAssert.assertThat(MatcherAssert.java:18)
at org.hamcrest.MatcherAssert.assertThat(MatcherAssert.java:6)
at core.CreditCardValidationTest.exp(CreditCardValidationTest.java:30)
at java.util.ArrayList.forEach(ArrayList.java:1257)
... Removed 27 stack frames]]>
    </failure>
  </testcase> <!-- exp -->
  <testcase name="exp" time="0.002" classname="core.CreditCardValidationTest">
    <failure type="java.lang.AssertionError" message="
Expected: Credit Card Exp: 02/20, should be not expired
     but: was &amp;lt;false&amp;gt;">
      <![CDATA[java.lang.AssertionError: 
Expected: Credit Card Exp: 02/20, should be not expired
     but: was <false>
at org.hamcrest.MatcherAssert.assertThat(MatcherAssert.java:18)
at org.hamcrest.MatcherAssert.assertThat(MatcherAssert.java:6)
at core.CreditCardValidationTest.exp(CreditCardValidationTest.java:30)
at java.util.ArrayList.forEach(ArrayList.java:1257)
... Removed 27 stack frames]]>
    </failure>
  </testcase> <!-- exp -->
  <testcase name="exp" time="0.003" classname="core.CreditCardValidationTest"/>
  <testcase name="exp" time="0.003" classname="core.CreditCardValidationTest">
    <failure type="java.lang.AssertionError" message="
Expected: Credit Card Exp: 03/19, should be not expired
     but: was &amp;lt;false&amp;gt;">
      <![CDATA[java.lang.AssertionError: 
Expected: Credit Card Exp: 03/19, should be not expired
     but: was <false>
at org.hamcrest.MatcherAssert.assertThat(MatcherAssert.java:18)
at org.hamcrest.MatcherAssert.assertThat(MatcherAssert.java:6)
at core.CreditCardValidationTest.exp(CreditCardValidationTest.java:30)
at java.util.ArrayList.forEach(ArrayList.java:1257)
... Removed 27 stack frames]]>
    </failure>
  </testcase> <!-- exp -->
  <testcase name="exp" time="0.002" classname="core.CreditCardValidationTest">
    <failure type="java.lang.AssertionError" message="
Expected: Credit Card Exp: 09/19, should be not expired
     but: was &amp;lt;false&amp;gt;">
      <![CDATA[java.lang.AssertionError: 
Expected: Credit Card Exp: 09/19, should be not expired
     but: was <false>
at org.hamcrest.MatcherAssert.assertThat(MatcherAssert.java:18)
at org.hamcrest.MatcherAssert.assertThat(MatcherAssert.java:6)
at core.CreditCardValidationTest.exp(CreditCardValidationTest.java:30)
at java.util.ArrayList.forEach(ArrayList.java:1257)
... Removed 27 stack frames]]>
    </failure>
  </testcase> <!-- exp -->
  <testcase name="exp" time="0.002" classname="core.CreditCardValidationTest">
    <failure type="java.lang.AssertionError" message="
Expected: Credit Card Exp: 02/19, should be not expired
     but: was &amp;lt;false&amp;gt;">
      <![CDATA[java.lang.AssertionError: 
Expected: Credit Card Exp: 02/19, should be not expired
     but: was <false>
at org.hamcrest.MatcherAssert.assertThat(MatcherAssert.java:18)
at org.hamcrest.MatcherAssert.assertThat(MatcherAssert.java:6)
at core.CreditCardValidationTest.exp(CreditCardValidationTest.java:30)
at java.util.ArrayList.forEach(ArrayList.java:1257)
... Removed 27 stack frames]]>
    </failure>
  </testcase> <!-- exp -->
  <testcase name="exp" time="0.002" classname="core.CreditCardValidationTest"/>
  <testcase name="exp" time="0.002" classname="core.CreditCardValidationTest">
    <failure type="java.lang.AssertionError" message="
Expected: Credit Card Exp: 04/19, should be not expired
     but: was &amp;lt;false&amp;gt;">
      <![CDATA[java.lang.AssertionError: 
Expected: Credit Card Exp: 04/19, should be not expired
     but: was <false>
at org.hamcrest.MatcherAssert.assertThat(MatcherAssert.java:18)
at org.hamcrest.MatcherAssert.assertThat(MatcherAssert.java:6)
at core.CreditCardValidationTest.exp(CreditCardValidationTest.java:30)
at java.util.ArrayList.forEach(ArrayList.java:1257)
... Removed 27 stack frames]]>
    </failure>
  </testcase> <!-- exp -->
  <testcase name="exp" time="0.002" classname="core.CreditCardValidationTest"/>
  <testcase name="exp" time="0.002" classname="core.CreditCardValidationTest"/>
  <testcase name="luhn" time="0.003" classname="core.CreditCardValidationTest"/>
  <testcase name="luhn" time="0.002" classname="core.CreditCardValidationTest"/>
  <testcase name="luhn" time="0.002" classname="core.CreditCardValidationTest"/>
  <testcase name="luhn" time="0.003" classname="core.CreditCardValidationTest"/>
  <testcase name="luhn" time="0.002" classname="core.CreditCardValidationTest"/>
  <testcase name="luhn" time="0.003" classname="core.CreditCardValidationTest"/>
  <testcase name="luhn" time="0.002" classname="core.CreditCardValidationTest"/>
  <testcase name="luhn" time="0.003" classname="core.CreditCardValidationTest">
    <failure type="java.lang.AssertionError" message="
Expected: Luhn of: 344851787871138, should be valid
     but: was &amp;lt;false&amp;gt;">
      <![CDATA[java.lang.AssertionError: 
Expected: Luhn of: 344851787871138, should be valid
     but: was <false>
at org.hamcrest.MatcherAssert.assertThat(MatcherAssert.java:18)
at org.hamcrest.MatcherAssert.assertThat(MatcherAssert.java:6)
at core.CreditCardValidationTest.luhn(CreditCardValidationTest.java:42)
at java.util.ArrayList.forEach(ArrayList.java:1257)
... Removed 27 stack frames]]>
    </failure>
  </testcase> <!-- luhn -->
  <testcase name="luhn" time="0.002" classname="core.CreditCardValidationTest"/>
  <testcase name="luhn" time="0.002" classname="core.CreditCardValidationTest"/>
  <testcase name="luhn" time="0.002" classname="core.CreditCardValidationTest"/>
  <testcase name="type" time="0.003" classname="core.CreditCardValidationTest"/>
  <testcase name="type" time="0.002" classname="core.CreditCardValidationTest"/>
  <testcase name="type" time="0.002" classname="core.CreditCardValidationTest"/>
  <testcase name="type" time="0.002" classname="core.CreditCardValidationTest"/>
  <testcase name="type" time="0.003" classname="core.CreditCardValidationTest"/>
  <testcase name="type" time="0.003" classname="core.CreditCardValidationTest"/>
  <testcase name="type" time="0.003" classname="core.CreditCardValidationTest"/>
  <testcase name="type" time="0.002" classname="core.CreditCardValidationTest"/>
  <testcase name="type" time="0.002" classname="core.CreditCardValidationTest"/>
  <testcase name="type" time="0.003" classname="core.CreditCardValidationTest"/>
  <testcase name="type" time="0.003" classname="core.CreditCardValidationTest">
    <failure type="java.lang.AssertionError" message="
Expected: Credit Card Type: American Expresss, should be valid
     but: was &amp;lt;false&amp;gt;">
      <![CDATA[java.lang.AssertionError: 
Expected: Credit Card Type: American Expresss, should be valid
     but: was <false>
at org.hamcrest.MatcherAssert.assertThat(MatcherAssert.java:18)
at org.hamcrest.MatcherAssert.assertThat(MatcherAssert.java:6)
at core.CreditCardValidationTest.type(CreditCardValidationTest.java:24)
at java.util.ArrayList.forEach(ArrayList.java:1257)
... Removed 27 stack frames]]>
    </failure>
  </testcase> <!-- type -->
</testsuite> <!-- Credit Card Validation with Allure Report -->
